@!@!@STARTMSG 2262:0 @!@!@
TLC2 Version 2.14 of 10 July 2019
@!@!@ENDMSG 2262 @!@!@
@!@!@STARTMSG 2187:0 @!@!@
Running breadth-first search Model-Checking with fp 105 and seed 8969090663255681714 with 2 workers on 4 cores with 599MB heap and 1346MB offheap memory [pid: 11868] (Windows 10 10.0 amd64, AdoptOpenJDK 11.0.3 x86_64, OffHeapDiskFPSet, DiskStateQueue).
@!@!@ENDMSG 2187 @!@!@
@!@!@STARTMSG 2220:0 @!@!@
Starting SANY...
@!@!@ENDMSG 2220 @!@!@
Parsing file C:\Users\HP\Desktop\Distributed Systems\tla+\specs\BeansAlg\beansAlg.toolbox\beansAlg\MC.tla
Parsing file C:\Users\HP\Desktop\Distributed Systems\tla+\specs\BeansAlg\beansAlg.toolbox\beansAlg\beansAlg.tla
Parsing file C:\Users\HP\Desktop\Distributed Systems\tla+\toolbox\plugins\org.lamport.tlatools_1.0.0.201907102009\tla2sany\StandardModules\TLC.tla
Parsing file C:\Users\HP\Desktop\Distributed Systems\tla+\toolbox\plugins\org.lamport.tlatools_1.0.0.201907102009\tla2sany\StandardModules\Integers.tla
Parsing file C:\Users\HP\Desktop\Distributed Systems\tla+\toolbox\plugins\org.lamport.tlatools_1.0.0.201907102009\tla2sany\StandardModules\Naturals.tla
Parsing file C:\Users\HP\Desktop\Distributed Systems\tla+\toolbox\plugins\org.lamport.tlatools_1.0.0.201907102009\tla2sany\StandardModules\Sequences.tla
Parsing file C:\Users\HP\Desktop\Distributed Systems\tla+\toolbox\plugins\org.lamport.tlatools_1.0.0.201907102009\tla2sany\StandardModules\FiniteSets.tla
Semantic processing of module Naturals
Semantic processing of module Integers
Semantic processing of module beansAlg
Semantic processing of module Sequences
Semantic processing of module FiniteSets
Semantic processing of module TLC
Semantic processing of module MC
@!@!@STARTMSG 2219:0 @!@!@
SANY finished.
@!@!@ENDMSG 2219 @!@!@
@!@!@STARTMSG 2185:0 @!@!@
Starting... (2019-09-15 12:58:41)
@!@!@ENDMSG 2185 @!@!@
@!@!@STARTMSG 2189:0 @!@!@
Computing initial states...
@!@!@ENDMSG 2189 @!@!@
@!@!@STARTMSG 2190:0 @!@!@
Finished computing initial states: 1 distinct state generated at 2019-09-15 12:58:42.
@!@!@ENDMSG 2190 @!@!@
@!@!@STARTMSG 2114:1 @!@!@
Deadlock reached.
@!@!@ENDMSG 2114 @!@!@
@!@!@STARTMSG 2121:1 @!@!@
The behavior up to this point is:
@!@!@ENDMSG 2121 @!@!@
@!@!@STARTMSG 2217:4 @!@!@
1: <Initial predicate>
/\ b = 37
/\ w = 50

@!@!@ENDMSG 2217 @!@!@
@!@!@STARTMSG 2217:4 @!@!@
2: <Next line 37, col 12 to line 39, col 20 of module beansAlg>
/\ b = 37
/\ w = 49

@!@!@ENDMSG 2217 @!@!@
@!@!@STARTMSG 2217:4 @!@!@
3: <Next line 37, col 12 to line 39, col 20 of module beansAlg>
/\ b = 37
/\ w = 48

@!@!@ENDMSG 2217 @!@!@
@!@!@STARTMSG 2217:4 @!@!@
4: <Next line 37, col 12 to line 39, col 20 of module beansAlg>
/\ b = 37
/\ w = 47

@!@!@ENDMSG 2217 @!@!@
@!@!@STARTMSG 2217:4 @!@!@
5: <Next line 37, col 12 to line 39, col 20 of module beansAlg>
/\ b = 37
/\ w = 46

@!@!@ENDMSG 2217 @!@!@
@!@!@STARTMSG 2217:4 @!@!@
6: <Next line 37, col 12 to line 39, col 20 of module beansAlg>
/\ b = 37
/\ w = 45

@!@!@ENDMSG 2217 @!@!@
@!@!@STARTMSG 2217:4 @!@!@
7: <Next line 37, col 12 to line 39, col 20 of module beansAlg>
/\ b = 37
/\ w = 44

@!@!@ENDMSG 2217 @!@!@
@!@!@STARTMSG 2217:4 @!@!@
8: <Next line 37, col 12 to line 39, col 20 of module beansAlg>
/\ b = 37
/\ w = 43

@!@!@ENDMSG 2217 @!@!@
@!@!@STARTMSG 2217:4 @!@!@
9: <Next line 37, col 12 to line 39, col 20 of module beansAlg>
/\ b = 37
/\ w = 42

@!@!@ENDMSG 2217 @!@!@
@!@!@STARTMSG 2217:4 @!@!@
10: <Next line 37, col 12 to line 39, col 20 of module beansAlg>
/\ b = 37
/\ w = 41

@!@!@ENDMSG 2217 @!@!@
@!@!@STARTMSG 2217:4 @!@!@
11: <Next line 37, col 12 to line 39, col 20 of module beansAlg>
/\ b = 37
/\ w = 40

@!@!@ENDMSG 2217 @!@!@
@!@!@STARTMSG 2217:4 @!@!@
12: <Next line 37, col 12 to line 39, col 20 of module beansAlg>
/\ b = 37
/\ w = 39

@!@!@ENDMSG 2217 @!@!@
@!@!@STARTMSG 2217:4 @!@!@
13: <Next line 37, col 12 to line 39, col 20 of module beansAlg>
/\ b = 37
/\ w = 38

@!@!@ENDMSG 2217 @!@!@
@!@!@STARTMSG 2217:4 @!@!@
14: <Next line 37, col 12 to line 39, col 20 of module beansAlg>
/\ b = 37
/\ w = 37

@!@!@ENDMSG 2217 @!@!@
@!@!@STARTMSG 2217:4 @!@!@
15: <Next line 37, col 12 to line 39, col 20 of module beansAlg>
/\ b = 37
/\ w = 36

@!@!@ENDMSG 2217 @!@!@
@!@!@STARTMSG 2217:4 @!@!@
16: <Next line 37, col 12 to line 39, col 20 of module beansAlg>
/\ b = 37
/\ w = 35

@!@!@ENDMSG 2217 @!@!@
@!@!@STARTMSG 2217:4 @!@!@
17: <Next line 37, col 12 to line 39, col 20 of module beansAlg>
/\ b = 37
/\ w = 34

@!@!@ENDMSG 2217 @!@!@
@!@!@STARTMSG 2217:4 @!@!@
18: <Next line 37, col 12 to line 39, col 20 of module beansAlg>
/\ b = 37
/\ w = 33

@!@!@ENDMSG 2217 @!@!@
@!@!@STARTMSG 2217:4 @!@!@
19: <Next line 37, col 12 to line 39, col 20 of module beansAlg>
/\ b = 37
/\ w = 32

@!@!@ENDMSG 2217 @!@!@
@!@!@STARTMSG 2217:4 @!@!@
20: <Next line 37, col 12 to line 39, col 20 of module beansAlg>
/\ b = 37
/\ w = 31

@!@!@ENDMSG 2217 @!@!@
@!@!@STARTMSG 2217:4 @!@!@
21: <Next line 37, col 12 to line 39, col 20 of module beansAlg>
/\ b = 37
/\ w = 30

@!@!@ENDMSG 2217 @!@!@
@!@!@STARTMSG 2217:4 @!@!@
22: <Next line 37, col 12 to line 39, col 20 of module beansAlg>
/\ b = 37
/\ w = 29

@!@!@ENDMSG 2217 @!@!@
@!@!@STARTMSG 2217:4 @!@!@
23: <Next line 37, col 12 to line 39, col 20 of module beansAlg>
/\ b = 37
/\ w = 28

@!@!@ENDMSG 2217 @!@!@
@!@!@STARTMSG 2217:4 @!@!@
24: <Next line 37, col 12 to line 39, col 20 of module beansAlg>
/\ b = 37
/\ w = 27

@!@!@ENDMSG 2217 @!@!@
@!@!@STARTMSG 2217:4 @!@!@
25: <Next line 37, col 12 to line 39, col 20 of module beansAlg>
/\ b = 37
/\ w = 26

@!@!@ENDMSG 2217 @!@!@
@!@!@STARTMSG 2217:4 @!@!@
26: <Next line 37, col 12 to line 39, col 20 of module beansAlg>
/\ b = 37
/\ w = 25

@!@!@ENDMSG 2217 @!@!@
@!@!@STARTMSG 2217:4 @!@!@
27: <Next line 37, col 12 to line 39, col 20 of module beansAlg>
/\ b = 37
/\ w = 24

@!@!@ENDMSG 2217 @!@!@
@!@!@STARTMSG 2217:4 @!@!@
28: <Next line 37, col 12 to line 39, col 20 of module beansAlg>
/\ b = 37
/\ w = 23

@!@!@ENDMSG 2217 @!@!@
@!@!@STARTMSG 2217:4 @!@!@
29: <Next line 37, col 12 to line 39, col 20 of module beansAlg>
/\ b = 37
/\ w = 22

@!@!@ENDMSG 2217 @!@!@
@!@!@STARTMSG 2217:4 @!@!@
30: <Next line 37, col 12 to line 39, col 20 of module beansAlg>
/\ b = 37
/\ w = 21

@!@!@ENDMSG 2217 @!@!@
@!@!@STARTMSG 2217:4 @!@!@
31: <Next line 37, col 12 to line 39, col 20 of module beansAlg>
/\ b = 37
/\ w = 20

@!@!@ENDMSG 2217 @!@!@
@!@!@STARTMSG 2217:4 @!@!@
32: <Next line 37, col 12 to line 39, col 20 of module beansAlg>
/\ b = 37
/\ w = 19

@!@!@ENDMSG 2217 @!@!@
@!@!@STARTMSG 2217:4 @!@!@
33: <Next line 37, col 12 to line 39, col 20 of module beansAlg>
/\ b = 37
/\ w = 18

@!@!@ENDMSG 2217 @!@!@
@!@!@STARTMSG 2217:4 @!@!@
34: <Next line 37, col 12 to line 39, col 20 of module beansAlg>
/\ b = 37
/\ w = 17

@!@!@ENDMSG 2217 @!@!@
@!@!@STARTMSG 2217:4 @!@!@
35: <Next line 37, col 12 to line 39, col 20 of module beansAlg>
/\ b = 37
/\ w = 16

@!@!@ENDMSG 2217 @!@!@
@!@!@STARTMSG 2217:4 @!@!@
36: <Next line 37, col 12 to line 39, col 20 of module beansAlg>
/\ b = 37
/\ w = 15

@!@!@ENDMSG 2217 @!@!@
@!@!@STARTMSG 2217:4 @!@!@
37: <Next line 37, col 12 to line 39, col 20 of module beansAlg>
/\ b = 37
/\ w = 14

@!@!@ENDMSG 2217 @!@!@
@!@!@STARTMSG 2217:4 @!@!@
38: <Next line 37, col 12 to line 39, col 20 of module beansAlg>
/\ b = 37
/\ w = 13

@!@!@ENDMSG 2217 @!@!@
@!@!@STARTMSG 2217:4 @!@!@
39: <Next line 37, col 12 to line 39, col 20 of module beansAlg>
/\ b = 37
/\ w = 12

@!@!@ENDMSG 2217 @!@!@
@!@!@STARTMSG 2217:4 @!@!@
40: <Next line 37, col 12 to line 39, col 20 of module beansAlg>
/\ b = 37
/\ w = 11

@!@!@ENDMSG 2217 @!@!@
@!@!@STARTMSG 2217:4 @!@!@
41: <Next line 37, col 12 to line 39, col 20 of module beansAlg>
/\ b = 37
/\ w = 10

@!@!@ENDMSG 2217 @!@!@
@!@!@STARTMSG 2217:4 @!@!@
42: <Next line 37, col 12 to line 39, col 20 of module beansAlg>
/\ b = 37
/\ w = 9

@!@!@ENDMSG 2217 @!@!@
@!@!@STARTMSG 2217:4 @!@!@
43: <Next line 37, col 12 to line 39, col 20 of module beansAlg>
/\ b = 37
/\ w = 8

@!@!@ENDMSG 2217 @!@!@
@!@!@STARTMSG 2217:4 @!@!@
44: <Next line 37, col 12 to line 39, col 20 of module beansAlg>
/\ b = 37
/\ w = 7

@!@!@ENDMSG 2217 @!@!@
@!@!@STARTMSG 2217:4 @!@!@
45: <Next line 40, col 12 to line 42, col 22 of module beansAlg>
/\ b = 35
/\ w = 8

@!@!@ENDMSG 2217 @!@!@
@!@!@STARTMSG 2217:4 @!@!@
46: <Next line 37, col 12 to line 39, col 20 of module beansAlg>
/\ b = 35
/\ w = 7

@!@!@ENDMSG 2217 @!@!@
@!@!@STARTMSG 2217:4 @!@!@
47: <Next line 37, col 12 to line 39, col 20 of module beansAlg>
/\ b = 35
/\ w = 6

@!@!@ENDMSG 2217 @!@!@
@!@!@STARTMSG 2217:4 @!@!@
48: <Next line 37, col 12 to line 39, col 20 of module beansAlg>
/\ b = 35
/\ w = 5

@!@!@ENDMSG 2217 @!@!@
@!@!@STARTMSG 2217:4 @!@!@
49: <Next line 37, col 12 to line 39, col 20 of module beansAlg>
/\ b = 35
/\ w = 4

@!@!@ENDMSG 2217 @!@!@
@!@!@STARTMSG 2217:4 @!@!@
50: <Next line 37, col 12 to line 39, col 20 of module beansAlg>
/\ b = 35
/\ w = 3

@!@!@ENDMSG 2217 @!@!@
@!@!@STARTMSG 2217:4 @!@!@
51: <Next line 37, col 12 to line 39, col 20 of module beansAlg>
/\ b = 35
/\ w = 2

@!@!@ENDMSG 2217 @!@!@
@!@!@STARTMSG 2217:4 @!@!@
52: <Next line 37, col 12 to line 39, col 20 of module beansAlg>
/\ b = 35
/\ w = 1

@!@!@ENDMSG 2217 @!@!@
@!@!@STARTMSG 2217:4 @!@!@
53: <Next line 40, col 12 to line 42, col 22 of module beansAlg>
/\ b = 33
/\ w = 2

@!@!@ENDMSG 2217 @!@!@
@!@!@STARTMSG 2217:4 @!@!@
54: <Next line 37, col 12 to line 39, col 20 of module beansAlg>
/\ b = 33
/\ w = 1

@!@!@ENDMSG 2217 @!@!@
@!@!@STARTMSG 2217:4 @!@!@
55: <Next line 40, col 12 to line 42, col 22 of module beansAlg>
/\ b = 31
/\ w = 2

@!@!@ENDMSG 2217 @!@!@
@!@!@STARTMSG 2217:4 @!@!@
56: <Next line 37, col 12 to line 39, col 20 of module beansAlg>
/\ b = 31
/\ w = 1

@!@!@ENDMSG 2217 @!@!@
@!@!@STARTMSG 2217:4 @!@!@
57: <Next line 40, col 12 to line 42, col 22 of module beansAlg>
/\ b = 29
/\ w = 2

@!@!@ENDMSG 2217 @!@!@
@!@!@STARTMSG 2217:4 @!@!@
58: <Next line 37, col 12 to line 39, col 20 of module beansAlg>
/\ b = 29
/\ w = 1

@!@!@ENDMSG 2217 @!@!@
@!@!@STARTMSG 2217:4 @!@!@
59: <Next line 40, col 12 to line 42, col 22 of module beansAlg>
/\ b = 27
/\ w = 2

@!@!@ENDMSG 2217 @!@!@
@!@!@STARTMSG 2217:4 @!@!@
60: <Next line 37, col 12 to line 39, col 20 of module beansAlg>
/\ b = 27
/\ w = 1

@!@!@ENDMSG 2217 @!@!@
@!@!@STARTMSG 2217:4 @!@!@
61: <Next line 40, col 12 to line 42, col 22 of module beansAlg>
/\ b = 25
/\ w = 2

@!@!@ENDMSG 2217 @!@!@
@!@!@STARTMSG 2217:4 @!@!@
62: <Next line 37, col 12 to line 39, col 20 of module beansAlg>
/\ b = 25
/\ w = 1

@!@!@ENDMSG 2217 @!@!@
@!@!@STARTMSG 2217:4 @!@!@
63: <Next line 40, col 12 to line 42, col 22 of module beansAlg>
/\ b = 23
/\ w = 2

@!@!@ENDMSG 2217 @!@!@
@!@!@STARTMSG 2217:4 @!@!@
64: <Next line 37, col 12 to line 39, col 20 of module beansAlg>
/\ b = 23
/\ w = 1

@!@!@ENDMSG 2217 @!@!@
@!@!@STARTMSG 2217:4 @!@!@
65: <Next line 40, col 12 to line 42, col 22 of module beansAlg>
/\ b = 21
/\ w = 2

@!@!@ENDMSG 2217 @!@!@
@!@!@STARTMSG 2217:4 @!@!@
66: <Next line 37, col 12 to line 39, col 20 of module beansAlg>
/\ b = 21
/\ w = 1

@!@!@ENDMSG 2217 @!@!@
@!@!@STARTMSG 2217:4 @!@!@
67: <Next line 40, col 12 to line 42, col 22 of module beansAlg>
/\ b = 19
/\ w = 2

@!@!@ENDMSG 2217 @!@!@
@!@!@STARTMSG 2217:4 @!@!@
68: <Next line 37, col 12 to line 39, col 20 of module beansAlg>
/\ b = 19
/\ w = 1

@!@!@ENDMSG 2217 @!@!@
@!@!@STARTMSG 2217:4 @!@!@
69: <Next line 40, col 12 to line 42, col 22 of module beansAlg>
/\ b = 17
/\ w = 2

@!@!@ENDMSG 2217 @!@!@
@!@!@STARTMSG 2217:4 @!@!@
70: <Next line 37, col 12 to line 39, col 20 of module beansAlg>
/\ b = 17
/\ w = 1

@!@!@ENDMSG 2217 @!@!@
@!@!@STARTMSG 2217:4 @!@!@
71: <Next line 40, col 12 to line 42, col 22 of module beansAlg>
/\ b = 15
/\ w = 2

@!@!@ENDMSG 2217 @!@!@
@!@!@STARTMSG 2217:4 @!@!@
72: <Next line 37, col 12 to line 39, col 20 of module beansAlg>
/\ b = 15
/\ w = 1

@!@!@ENDMSG 2217 @!@!@
@!@!@STARTMSG 2217:4 @!@!@
73: <Next line 40, col 12 to line 42, col 22 of module beansAlg>
/\ b = 13
/\ w = 2

@!@!@ENDMSG 2217 @!@!@
@!@!@STARTMSG 2217:4 @!@!@
74: <Next line 37, col 12 to line 39, col 20 of module beansAlg>
/\ b = 13
/\ w = 1

@!@!@ENDMSG 2217 @!@!@
@!@!@STARTMSG 2217:4 @!@!@
75: <Next line 40, col 12 to line 42, col 22 of module beansAlg>
/\ b = 11
/\ w = 2

@!@!@ENDMSG 2217 @!@!@
@!@!@STARTMSG 2217:4 @!@!@
76: <Next line 37, col 12 to line 39, col 20 of module beansAlg>
/\ b = 11
/\ w = 1

@!@!@ENDMSG 2217 @!@!@
@!@!@STARTMSG 2217:4 @!@!@
77: <Next line 40, col 12 to line 42, col 22 of module beansAlg>
/\ b = 9
/\ w = 2

@!@!@ENDMSG 2217 @!@!@
@!@!@STARTMSG 2217:4 @!@!@
78: <Next line 37, col 12 to line 39, col 20 of module beansAlg>
/\ b = 9
/\ w = 1

@!@!@ENDMSG 2217 @!@!@
@!@!@STARTMSG 2217:4 @!@!@
79: <Next line 40, col 12 to line 42, col 22 of module beansAlg>
/\ b = 7
/\ w = 2

@!@!@ENDMSG 2217 @!@!@
@!@!@STARTMSG 2217:4 @!@!@
80: <Next line 37, col 12 to line 39, col 20 of module beansAlg>
/\ b = 7
/\ w = 1

@!@!@ENDMSG 2217 @!@!@
@!@!@STARTMSG 2217:4 @!@!@
81: <Next line 40, col 12 to line 42, col 22 of module beansAlg>
/\ b = 5
/\ w = 2

@!@!@ENDMSG 2217 @!@!@
@!@!@STARTMSG 2217:4 @!@!@
82: <Next line 37, col 12 to line 39, col 20 of module beansAlg>
/\ b = 5
/\ w = 1

@!@!@ENDMSG 2217 @!@!@
@!@!@STARTMSG 2217:4 @!@!@
83: <Next line 40, col 12 to line 42, col 22 of module beansAlg>
/\ b = 3
/\ w = 2

@!@!@ENDMSG 2217 @!@!@
@!@!@STARTMSG 2217:4 @!@!@
84: <Next line 37, col 12 to line 39, col 20 of module beansAlg>
/\ b = 3
/\ w = 1

@!@!@ENDMSG 2217 @!@!@
@!@!@STARTMSG 2217:4 @!@!@
85: <Next line 40, col 12 to line 42, col 22 of module beansAlg>
/\ b = 1
/\ w = 2

@!@!@ENDMSG 2217 @!@!@
@!@!@STARTMSG 2217:4 @!@!@
86: <Next line 37, col 12 to line 39, col 20 of module beansAlg>
/\ b = 1
/\ w = 1

@!@!@ENDMSG 2217 @!@!@
@!@!@STARTMSG 2217:4 @!@!@
87: <Next line 43, col 12 to line 45, col 20 of module beansAlg>
/\ b = 1
/\ w = 0

@!@!@ENDMSG 2217 @!@!@
@!@!@STARTMSG 2201:0 @!@!@
The coverage statistics at 2019-09-15 12:58:43
@!@!@ENDMSG 2201 @!@!@
@!@!@STARTMSG 2773:0 @!@!@
<Init line 33, col 1 to line 33, col 4 of module beansAlg>: 2:2
@!@!@ENDMSG 2773 @!@!@
@!@!@STARTMSG 2221:0 @!@!@
  line 34, col 9 to line 35, col 16 of module beansAlg: 2
@!@!@ENDMSG 2221 @!@!@
@!@!@STARTMSG 2772:0 @!@!@
<Next line 37, col 1 to line 37, col 4 of module beansAlg (37 12 39 20)>: 193:1170
@!@!@ENDMSG 2772 @!@!@
@!@!@STARTMSG 2221:0 @!@!@
  line 37, col 16 to line 37, col 18 of module beansAlg: 1170
@!@!@ENDMSG 2221 @!@!@
@!@!@STARTMSG 2221:0 @!@!@
  |line 37, col 16 to line 37, col 16 of module beansAlg: 1226
@!@!@ENDMSG 2221 @!@!@
@!@!@STARTMSG 2221:0 @!@!@
  line 38, col 15 to line 38, col 22 of module beansAlg: 1170
@!@!@ENDMSG 2221 @!@!@
@!@!@STARTMSG 2221:0 @!@!@
  line 39, col 15 to line 39, col 20 of module beansAlg: 1170
@!@!@ENDMSG 2221 @!@!@
@!@!@STARTMSG 2772:0 @!@!@
<Next line 37, col 1 to line 37, col 4 of module beansAlg (40 12 42 22)>: 927:1089
@!@!@ENDMSG 2772 @!@!@
@!@!@STARTMSG 2221:0 @!@!@
  line 40, col 16 to line 40, col 18 of module beansAlg: 1089
@!@!@ENDMSG 2221 @!@!@
@!@!@STARTMSG 2221:0 @!@!@
  |line 40, col 16 to line 40, col 16 of module beansAlg: 1159
@!@!@ENDMSG 2221 @!@!@
@!@!@STARTMSG 2221:0 @!@!@
  line 41, col 15 to line 41, col 22 of module beansAlg: 1089
@!@!@ENDMSG 2221 @!@!@
@!@!@STARTMSG 2221:0 @!@!@
  line 42, col 15 to line 42, col 22 of module beansAlg: 1089
@!@!@ENDMSG 2221 @!@!@
@!@!@STARTMSG 2772:0 @!@!@
<Next line 37, col 1 to line 37, col 4 of module beansAlg (43 12 45 20)>: 19:1122
@!@!@ENDMSG 2772 @!@!@
@!@!@STARTMSG 2221:0 @!@!@
  line 43, col 16 to line 43, col 18 of module beansAlg: 1122
@!@!@ENDMSG 2221 @!@!@
@!@!@STARTMSG 2221:0 @!@!@
  |line 43, col 16 to line 43, col 16 of module beansAlg: 1141
@!@!@ENDMSG 2221 @!@!@
@!@!@STARTMSG 2221:0 @!@!@
  line 43, col 23 to line 43, col 25 of module beansAlg: 1122
@!@!@ENDMSG 2221 @!@!@
@!@!@STARTMSG 2221:0 @!@!@
  line 44, col 15 to line 44, col 22 of module beansAlg: 1122
@!@!@ENDMSG 2221 @!@!@
@!@!@STARTMSG 2221:0 @!@!@
  line 45, col 15 to line 45, col 20 of module beansAlg: 1122
@!@!@ENDMSG 2221 @!@!@
@!@!@STARTMSG 2202:0 @!@!@
End of statistics.
@!@!@ENDMSG 2202 @!@!@
@!@!@STARTMSG 2200:0 @!@!@
Progress(87) at 2019-09-15 12:58:43: 3,295 states generated (71,578 s/min), 1,140 distinct states found (24,764 ds/min), 0 states left on queue.
@!@!@ENDMSG 2200 @!@!@
@!@!@STARTMSG 2199:0 @!@!@
3295 states generated, 1140 distinct states found, 0 states left on queue.
@!@!@ENDMSG 2199 @!@!@
@!@!@STARTMSG 2194:0 @!@!@
The depth of the complete state graph search is 87.
@!@!@ENDMSG 2194 @!@!@
@!@!@STARTMSG 2268:0 @!@!@
The average outdegree of the complete state graph is 1 (minimum is 0, the maximum 2 and the 95th percentile is 2).
@!@!@ENDMSG 2268 @!@!@
@!@!@STARTMSG 2186:0 @!@!@
Finished in 2767ms at (2019-09-15 12:58:43)
@!@!@ENDMSG 2186 @!@!@
